<?xml version="1.0" encoding="UTF-8"?>
<!-- Generated by org.testng.reporters.JUnitReportReporter -->
<testsuite skipped="0" hostname="DESKTOP-250U10H" name="com.qa.testcases.AddPayeeTest" tests="1" failures="0" timestamp="2020-07-05T22:39:48 EDT" time="8.034" errors="0">
  <testcase name="verifyAddPayee" time="8.034" classname="com.qa.testcases.AddPayeeTest"/>
</testsuite> <!-- com.qa.testcases.AddPayeeTest -->
